[    0.000000] Linux version 4.15.0-167-generic (buildd@lcy02-amd64-045) (gcc version 7.5.0 (Ubuntu 7.5.0-3ubuntu1~18.04)) #175-Ubuntu SMP Wed Jan 5 01:56:07 UTC 2022 (Ubuntu 4.15.0-167.175-generic 4.15.18)
[    0.000000] Command line: BOOT_IMAGE=/boot/vmlinuz-4.15.0-167-generic root=LABEL=cloudimg-rootfs ro console=tty1 console=ttyS0
[    0.000000] KERNEL supported cpus:
[    0.000000]   Intel GenuineIntel
[    0.000000]   AMD AuthenticAMD
[    0.000000]   Centaur CentaurHauls
[    0.000000] [Firmware Bug]: TSC doesn't count with P0 frequency!
[    0.000000] x86/fpu: x87 FPU will use FXSAVE
[    0.000000] e820: BIOS-provided physical RAM map:
[    0.000000] BIOS-e820: [mem 0x0000000000000000-0x000000000009fbff] usable
[    0.000000] BIOS-e820: [mem 0x000000000009fc00-0x000000000009ffff] reserved
[    0.000000] BIOS-e820: [mem 0x00000000000f0000-0x00000000000fffff] reserved
[    0.000000] BIOS-e820: [mem 0x0000000000100000-0x000000003ffeffff] usable
[    0.000000] BIOS-e820: [mem 0x000000003fff0000-0x000000003fffffff] ACPI data
[    0.000000] BIOS-e820: [mem 0x00000000fec00000-0x00000000fec00fff] reserved
[    0.000000] BIOS-e820: [mem 0x00000000fee00000-0x00000000fee00fff] reserved
[    0.000000] BIOS-e820: [mem 0x00000000fffc0000-0x00000000ffffffff] reserved
[    0.000000] NX (Execute Disable) protection: active
[    0.000000] SMBIOS 2.5 present.
[    0.000000] DMI: innotek GmbH VirtualBox/VirtualBox, BIOS VirtualBox 12/01/2006
[    0.000000] Hypervisor detected: KVM
[    0.000000] e820: last_pfn = 0x3fff0 max_arch_pfn = 0x400000000
[    0.000000] MTRR: Disabled
[    0.000000] x86/PAT: MTRRs disabled, skipping PAT initialization too.
[    0.000000] CPU MTRRs all blank - virtualized system.
[    0.000000] x86/PAT: Configuration [0-7]: WB  WT  UC- UC  WB  WT  UC- UC  
[    0.000000] found SMP MP-table at [mem 0x0009fff0-0x0009ffff]
[    0.000000] Scanning 1 areas for low memory corruption
[    0.000000] RAMDISK: [mem 0x359cd000-0x36cddfff]
[    0.000000] ACPI: Early table checksum verification disabled
[    0.000000] ACPI: RSDP 0x00000000000E0000 000024 (v02 VBOX  )
[    0.000000] ACPI: XSDT 0x000000003FFF0030 00003C (v01 VBOX   VBOXXSDT 00000001 ASL  00000061)
[    0.000000] ACPI: FACP 0x000000003FFF00F0 0000F4 (v04 VBOX   VBOXFACP 00000001 ASL  00000061)
[    0.000000] ACPI: DSDT 0x000000003FFF0470 002325 (v02 VBOX   VBOXBIOS 00000002 INTL 20190509)
[    0.000000] ACPI: FACS 0x000000003FFF0200 000040
[    0.000000] ACPI: FACS 0x000000003FFF0200 000040
[    0.000000] ACPI: APIC 0x000000003FFF0240 00005C (v02 VBOX   VBOXAPIC 00000001 ASL  00000061)
[    0.000000] ACPI: SSDT 0x000000003FFF02A0 0001CC (v01 VBOX   VBOXCPUT 00000002 INTL 20190509)
[    0.000000] ACPI: Reserving FACP table memory at [mem 0x3fff00f0-0x3fff01e3]
[    0.000000] ACPI: Reserving DSDT table memory at [mem 0x3fff0470-0x3fff2794]
[    0.000000] ACPI: Reserving FACS table memory at [mem 0x3fff0200-0x3fff023f]
[    0.000000] ACPI: Reserving FACS table memory at [mem 0x3fff0200-0x3fff023f]
[    0.000000] ACPI: Reserving APIC table memory at [mem 0x3fff0240-0x3fff029b]
[    0.000000] ACPI: Reserving SSDT table memory at [mem 0x3fff02a0-0x3fff046b]
[    0.000000] No NUMA configuration found
[    0.000000] Faking a node at [mem 0x0000000000000000-0x000000003ffeffff]
[    0.000000] NODE_DATA(0) allocated [mem 0x3ffc5000-0x3ffeffff]
[    0.000000] kvm-clock: cpu 0, msr 0:3ff44001, primary cpu clock
[    0.000000] kvm-clock: Using msrs 4b564d01 and 4b564d00
[    0.000000] kvm-clock: using sched offset of 4419878321 cycles
[    0.000000] clocksource: kvm-clock: mask: 0xffffffffffffffff max_cycles: 0x1cd42e4dffb, max_idle_ns: 881590591483 ns
[    0.000000] Zone ranges:
[    0.000000]   DMA      [mem 0x0000000000001000-0x0000000000ffffff]
[    0.000000]   DMA32    [mem 0x0000000001000000-0x000000003ffeffff]
[    0.000000]   Normal   empty
[    0.000000]   Device   empty
[    0.000000] Movable zone start for each node
[    0.000000] Early memory node ranges
[    0.000000]   node   0: [mem 0x0000000000001000-0x000000000009efff]
[    0.000000]   node   0: [mem 0x0000000000100000-0x000000003ffeffff]
[    0.000000] Reserved but unavailable: 104 pages
[    0.000000] Initmem setup node 0 [mem 0x0000000000001000-0x000000003ffeffff]
[    0.000000] ACPI: PM-Timer IO Port: 0x4008
[    0.000000] IOAPIC[0]: apic_id 2, version 32, address 0xfec00000, GSI 0-23
[    0.000000] ACPI: INT_SRC_OVR (bus 0 bus_irq 0 global_irq 2 dfl dfl)
[    0.000000] ACPI: INT_SRC_OVR (bus 0 bus_irq 9 global_irq 9 low level)
[    0.000000] Using ACPI (MADT) for SMP configuration information
[    0.000000] smpboot: Allowing 2 CPUs, 0 hotplug CPUs
[    0.000000] PM: Registered nosave memory: [mem 0x00000000-0x00000fff]
[    0.000000] PM: Registered nosave memory: [mem 0x0009f000-0x0009ffff]
[    0.000000] PM: Registered nosave memory: [mem 0x000a0000-0x000effff]
[    0.000000] PM: Registered nosave memory: [mem 0x000f0000-0x000fffff]
[    0.000000] e820: [mem 0x40000000-0xfebfffff] available for PCI devices
[    0.000000] Booting paravirtualized kernel on KVM
[    0.000000] clocksource: refined-jiffies: mask: 0xffffffff max_cycles: 0xffffffff, max_idle_ns: 7645519600211568 ns
[    0.000000] random: get_random_bytes called from start_kernel+0x99/0x500 with crng_init=0
[    0.000000] setup_percpu: NR_CPUS:8192 nr_cpumask_bits:2 nr_cpu_ids:2 nr_node_ids:1
[    0.000000] percpu: Embedded 50 pages/cpu s167936 r8192 d28672 u1048576
[    0.000000] PV qspinlock hash table entries: 256 (order: 0, 4096 bytes)
[    0.000000] Built 1 zonelists, mobility grouping on.  Total pages: 257913
[    0.000000] Policy zone: DMA32
[    0.000000] Kernel command line: BOOT_IMAGE=/boot/vmlinuz-4.15.0-167-generic root=LABEL=cloudimg-rootfs ro console=tty1 console=ttyS0
[    0.000000] Memory: 982644K/1048120K available (12300K kernel code, 2483K rwdata, 4324K rodata, 2476K init, 2724K bss, 65476K reserved, 0K cma-reserved)
[    0.000000] SLUB: HWalign=64, Order=0-3, MinObjects=0, CPUs=2, Nodes=1
[    0.000000] ftrace: allocating 39494 entries in 155 pages
[    0.004000] Hierarchical RCU implementation.
[    0.004000] 	RCU restricting CPUs from NR_CPUS=8192 to nr_cpu_ids=2.
[    0.004000] 	Tasks RCU enabled.
[    0.004000] RCU: Adjusting geometry for rcu_fanout_leaf=16, nr_cpu_ids=2
[    0.004000] NR_IRQS: 524544, nr_irqs: 440, preallocated irqs: 16
[    0.004000] Console: colour VGA+ 80x25
[    0.004000] console [tty1] enabled
[    0.004000] console [ttyS0] enabled
[    0.004000] ACPI: Core revision 20170831
[    0.004000] ACPI: 2 ACPI AML tables successfully acquired and loaded
[    0.004000] APIC: Switch to symmetric I/O mode setup
[    0.004000] x2apic enabled
[    0.004028] Switched APIC routing to physical x2apic.
[    0.011938] ..TIMER: vector=0x30 apic1=0 pin1=2 apic2=-1 pin2=-1
[    0.012007] tsc: Detected 3692.504 MHz processor
[    0.016005] Calibrating delay loop (skipped) preset value.. 7385.00 BogoMIPS (lpj=14770016)
[    0.019946] pid_max: default: 32768 minimum: 301
[    0.020104] Security Framework initialized
[    0.024021] Yama: becoming mindful.
[    0.026074] AppArmor: AppArmor initialized
[    0.028981] Dentry cache hash table entries: 131072 (order: 8, 1048576 bytes)
[    0.032069] Inode-cache hash table entries: 65536 (order: 7, 524288 bytes)
[    0.036024] Mount-cache hash table entries: 2048 (order: 2, 16384 bytes)
[    0.039435] Mountpoint-cache hash table entries: 2048 (order: 2, 16384 bytes)
[    0.044027] Last level iTLB entries: 4KB 1024, 2MB 1024, 4MB 512
[    0.047748] Last level dTLB entries: 4KB 2048, 2MB 2048, 4MB 1024, 1GB 0
[    0.048008] Spectre V1 : Mitigation: usercopy/swapgs barriers and __user pointer sanitization
[    0.052007] Spectre V2 : Spectre mitigation: LFENCE not serializing, switching to generic retpoline
[    0.056007] Spectre V2 : Mitigation: Full generic retpoline
[    0.058859] Spectre V2 : Spectre v2 / SpectreRSB mitigation: Filling RSB on context switch
[    0.060008] Speculative Store Bypass: Mitigation: Speculative Store Bypass disabled via prctl and seccomp
[    0.064539] Freeing SMP alternatives memory: 36K
[    0.182049] APIC calibration not consistent with PM-Timer: 103ms instead of 100ms
[    0.184000] APIC delta adjusted to PM-Timer: 6295674 (6508137)
[    0.184223] smpboot: CPU0: AMD Ryzen 5 PRO 4650G with Radeon Graphics (family: 0x17, model: 0x60, stepping: 0x1)
[    0.188438] Performance Events: PMU not available due to virtualization, using software events only.
[    0.192243] Hierarchical SRCU implementation.
[    0.197693] NMI watchdog: Perf event create on CPU 0 failed with -2
[    0.200007] NMI watchdog: Perf NMI watchdog permanently disabled
[    0.204275] smp: Bringing up secondary CPUs ...
[    0.208428] x86: Booting SMP configuration:
[    0.210780] .... node  #0, CPUs:      #1
[    0.004000] kvm-clock: cpu 1, msr 0:3ff44041, secondary cpu clock
[    0.216047] smp: Brought up 1 node, 2 CPUs
[    0.218859] smpboot: Max logical packages: 1
[    0.220082] smpboot: Total of 2 processors activated (14770.01 BogoMIPS)
[    0.224211] devtmpfs: initialized
[    0.226514] x86/mm: Memory block size: 128MB
[    0.232166] evm: security.selinux
[    0.232166] evm: security.SMACK64
[    0.234219] evm: security.SMACK64EXEC
[    0.236010] evm: security.SMACK64TRANSMUTE
[    0.240007] evm: security.SMACK64MMAP
[    0.242376] evm: security.apparmor
[    0.244007] evm: security.ima
[    0.246475] evm: security.capability
[    0.256015] clocksource: jiffies: mask: 0xffffffff max_cycles: 0xffffffff, max_idle_ns: 7645041785100000 ns
[    0.260000] futex hash table entries: 512 (order: 3, 32768 bytes)
[    0.260000] pinctrl core: initialized pinctrl subsystem
[    0.260133] RTC time: 23:54:14, date: 02/12/22
[    0.264276] NET: Registered protocol family 16
[    0.267032] audit: initializing netlink subsys (disabled)
[    0.272673] audit: type=2000 audit(1644710059.357:1): state=initialized audit_enabled=0 res=1
[    0.276035] cpuidle: using governor ladder
[    0.278693] cpuidle: using governor menu
[    0.280073] ACPI: bus type PCI registered
[    0.282882] acpiphp: ACPI Hot Plug PCI Controller Driver version: 0.5
[    0.284247] PCI: Using configuration type 1 for base access
[    0.288005] PCI: Using configuration type 1 for extended access
[    0.292777] HugeTLB registered 2.00 MiB page size, pre-allocated 0 pages
[    0.304576] ACPI: Added _OSI(Module Device)
[    0.306901] ACPI: Added _OSI(Processor Device)
[    0.308017] ACPI: Added _OSI(3.0 _SCP Extensions)
[    0.310681] ACPI: Added _OSI(Processor Aggregator Device)
[    0.312007] ACPI: Added _OSI(Linux-Dell-Video)
[    0.316006] ACPI: Added _OSI(Linux-Lenovo-NV-HDMI-Audio)
[    0.320013] ACPI: Added _OSI(Linux-HPI-Hybrid-Graphics)
[    0.324508] ACPI: Executed 1 blocks of module-level executable AML code
[    0.332512] ACPI: Interpreter enabled
[    0.335372] ACPI: (supports S0 S5)
[    0.336008] ACPI: Using IOAPIC for interrupt routing
[    0.340287] PCI: Using host bridge windows from ACPI; if necessary, use "pci=nocrs" and report a bug
[    0.344235] ACPI: Enabled 2 GPEs in block 00 to 07
[    0.356070] ACPI: PCI Root Bridge [PCI0] (domain 0000 [bus 00-ff])
[    0.360017] acpi PNP0A03:00: _OSC: OS supports [ExtendedConfig ASPM ClockPM Segments MSI]
[    0.364000] acpi PNP0A03:00: _OSC: platform does not support [PCIeCapability]
[    0.368515] acpi PNP0A03:00: _OSC: not requesting control; platform does not support [PCIeCapability]
[    0.372011] acpi PNP0A03:00: _OSC: OS requested [PCIeHotplug PME AER PCIeCapability]
[    0.376010] acpi PNP0A03:00: _OSC: platform willing to grant [PCIeHotplug PME AER]
[    0.380008] acpi PNP0A03:00: _OSC failed (AE_SUPPORT); disabling ASPM
[    0.384806] PCI host bridge to bus 0000:00
[    0.388008] pci_bus 0000:00: root bus resource [io  0x0000-0x0cf7 window]
[    0.392007] pci_bus 0000:00: root bus resource [io  0x0d00-0xffff window]
[    0.396011] pci_bus 0000:00: root bus resource [mem 0x000a0000-0x000bffff window]
[    0.400011] pci_bus 0000:00: root bus resource [mem 0x40000000-0xfdffffff window]
[    0.404010] pci_bus 0000:00: root bus resource [bus 00-ff]
[    0.412000] pci 0000:00:01.1: legacy IDE quirk: reg 0x10: [io  0x01f0-0x01f7]
[    0.412009] pci 0000:00:01.1: legacy IDE quirk: reg 0x14: [io  0x03f6]
[    0.416011] pci 0000:00:01.1: legacy IDE quirk: reg 0x18: [io  0x0170-0x0177]
[    0.420009] pci 0000:00:01.1: legacy IDE quirk: reg 0x1c: [io  0x0376]
[    0.468327] pci 0000:00:07.0: quirk: [io  0x4000-0x403f] claimed by PIIX4 ACPI
[    0.472037] pci 0000:00:07.0: quirk: [io  0x4100-0x410f] claimed by PIIX4 SMB
[    0.488000] ACPI: PCI Interrupt Link [LNKA] (IRQs 5 9 10 *11)
[    0.488429] ACPI: PCI Interrupt Link [LNKB] (IRQs 5 9 *10 11)
[    0.492195] ACPI: PCI Interrupt Link [LNKC] (IRQs 5 *9 10 11)
[    0.496251] ACPI: PCI Interrupt Link [LNKD] (IRQs 5 9 10 *11)
[    0.502489] SCSI subsystem initialized
[    0.504742] pci 0000:00:02.0: vgaarb: setting as boot VGA device
[    0.507309] pci 0000:00:02.0: vgaarb: VGA device added: decodes=io+mem,owns=io+mem,locks=none
[    0.508011] pci 0000:00:02.0: vgaarb: bridge control possible
[    0.512007] vgaarb: loaded
[    0.516134] ACPI: bus type USB registered
[    0.518552] usbcore: registered new interface driver usbfs
[    0.520095] usbcore: registered new interface driver hub
[    0.524028] usbcore: registered new device driver usb
[    0.528253] EDAC MC: Ver: 3.0.0
[    0.532348] PCI: Using ACPI for IRQ routing
[    0.537247] NetLabel: Initializing
[    0.539238] NetLabel:  domain hash size = 128
[    0.540004] NetLabel:  protocols = UNLABELED CIPSOv4 CALIPSO
[    0.544082] NetLabel:  unlabeled traffic allowed by default
[    0.548733] clocksource: Switched to clocksource kvm-clock
[    0.574877] VFS: Disk quotas dquot_6.6.0
[    0.578933] VFS: Dquot-cache hash table entries: 512 (order 0, 4096 bytes)
[    0.584166] AppArmor: AppArmor Filesystem Enabled
[    0.587307] pnp: PnP ACPI init
[    0.591271] pnp: PnP ACPI: found 3 devices
[    0.615588] clocksource: acpi_pm: mask: 0xffffff max_cycles: 0xffffff, max_idle_ns: 2085701024 ns
[    0.621029] NET: Registered protocol family 2
[    0.624367] IP idents hash table entries: 16384 (order: 5, 131072 bytes)
[    0.628874] TCP established hash table entries: 8192 (order: 4, 65536 bytes)
[    0.632080] TCP bind hash table entries: 8192 (order: 5, 131072 bytes)
[    0.636670] TCP: Hash tables configured (established 8192 bind 8192)
[    0.641360] UDP hash table entries: 512 (order: 2, 16384 bytes)
[    0.645057] UDP-Lite hash table entries: 512 (order: 2, 16384 bytes)
[    0.648951] NET: Registered protocol family 1
[    0.651878] pci 0000:00:00.0: Limiting direct PCI/PCI transfers
[    0.655512] pci 0000:00:01.0: Activating ISA DMA hang workarounds
[    0.659738] pci 0000:00:02.0: Video device with shadowed ROM at [mem 0x000c0000-0x000dffff]
[    0.665079] Unpacking initramfs...
[    0.956010] Freeing initrd memory: 19524K
[    0.959842] clocksource: tsc: mask: 0xffffffffffffffff max_cycles: 0x6a7358dbf67, max_idle_ns: 881590671365 ns
[    0.971132] platform rtc_cmos: registered platform RTC device (no PNP device found)
[    0.981272] Scanning for low memory corruption every 60 seconds
[    0.991899] Initialise system trusted keyrings
[    0.999184] Key type blacklist registered
[    1.003396] workingset: timestamp_bits=36 max_order=18 bucket_order=0
[    1.010132] zbud: loaded
[    1.013676] squashfs: version 4.0 (2009/01/31) Phillip Lougher
[    1.022314] fuse init (API version 7.26)
[    1.052772] Key type asymmetric registered
[    1.055182] Asymmetric key parser 'x509' registered
[    1.058549] Block layer SCSI generic (bsg) driver version 0.4 loaded (major 246)
[    1.063151] io scheduler noop registered
[    1.065731] io scheduler deadline registered
[    1.068974] io scheduler cfq registered (default)
[    1.072934] ACPI: AC Adapter [AC] (on-line)
[    1.075409] input: Power Button as /devices/LNXSYSTM:00/LNXPWRBN:00/input/input0
[    1.080166] ACPI: Power Button [PWRF]
[    1.082380] input: Sleep Button as /devices/LNXSYSTM:00/LNXSLPBN:00/input/input1
[    1.086479] ACPI: Sleep Button [SLPF]
[    1.092709] Serial: 8250/16550 driver, 32 ports, IRQ sharing enabled
[    1.120785] 00:02: ttyS0 at I/O 0x3f8 (irq = 4, base_baud = 115200) is a 16550A
[    1.145713] Linux agpgart interface v0.103
[    1.156682] loop: module loaded
[    1.161393] scsi host0: ata_piix
[    1.165820] scsi host1: ata_piix
[    1.168045] ata1: PATA max UDMA/33 cmd 0x1f0 ctl 0x3f6 bmdma 0xd000 irq 14
[    1.172369] ata2: PATA max UDMA/33 cmd 0x170 ctl 0x376 bmdma 0xd008 irq 15
[    1.176933] libphy: Fixed MDIO Bus: probed
[    1.181398] tun: Universal TUN/TAP device driver, 1.6
[    1.186752] PPP generic driver version 2.4.2
[    1.190779] ehci_hcd: USB 2.0 'Enhanced' Host Controller (EHCI) Driver
[    1.194983] ehci-pci: EHCI PCI platform driver
[    1.198060] ehci-platform: EHCI generic platform driver
[    1.201585] ohci_hcd: USB 1.1 'Open' Host Controller (OHCI) Driver
[    1.205593] ohci-pci: OHCI PCI platform driver
[    1.208450] ohci-platform: OHCI generic platform driver
[    1.212742] uhci_hcd: USB Universal Host Controller Interface driver
[    1.216916] i8042: PNP: PS/2 Controller [PNP0303:PS2K,PNP0f03:PS2M] at 0x60,0x64 irq 1,12
[    1.224029] serio: i8042 KBD port at 0x60,0x64 irq 1
[    1.227893] serio: i8042 AUX port at 0x60,0x64 irq 12
[    1.231914] mousedev: PS/2 mouse device common for all mice
[    1.237044] input: AT Translated Set 2 keyboard as /devices/platform/i8042/serio0/input/input2
[    1.240998] rtc_cmos rtc_cmos: rtc core: registered rtc_cmos as rtc0
[    1.251325] rtc_cmos rtc_cmos: alarms up to one day, 114 bytes nvram
[    1.255231] i2c /dev entries driver
[    1.257749] device-mapper: uevent: version 1.0.3
[    1.265315] device-mapper: ioctl: 4.37.0-ioctl (2017-09-20) initialised: dm-devel@redhat.com
[    1.271166] ledtrig-cpu: registered to indicate activity on CPUs
[    1.276055] NET: Registered protocol family 10
[    1.317404] Segment Routing with IPv6
[    1.320166] NET: Registered protocol family 17
[    1.324393] Key type dns_resolver registered
[    1.328399] mce: Using 0 MCE banks
[    1.330866] RAS: Correctable Errors collector initialized.
[    1.335015] sched_clock: Marking stable (1334795124, 0)->(1861384486, -526589362)
[    1.404710] registered taskstats version 1
[    1.407451] Loading compiled-in X.509 certificates
[    1.430106] Loaded X.509 cert 'Build time autogenerated kernel key: 51c91b167e8daada285dd448a981da05683ebd03'
[    1.442000] Loaded X.509 cert 'Canonical Ltd. Live Patch Signing: 14df34d1a87cf37625abec039ef2bf521249b969'
[    1.449017] Loaded X.509 cert 'Canonical Ltd. Kernel Module Signing: 88f752e560a1e0737e31163a466ad7b70a850c19'
[    1.454696] blacklist: Loading compiled-in revocation X.509 certificates
[    1.459171] Loaded X.509 cert 'Canonical Ltd. Secure Boot Signing: 61482aa2830d0ab2ad5af10b7250da9033ddcef0'
[    1.465221] zswap: loaded using pool lzo/zbud
[    1.505200] Key type big_key registered
[    1.507536] Key type trusted registered
[    1.531271] Key type encrypted registered
[    1.533824] AppArmor: AppArmor sha1 policy hashing enabled
[    1.537366] ima: No TPM chip found, activating TPM-bypass! (rc=-19)
[    1.540936] ima: Allocated hash algorithm: sha1
[    1.544642] evm: HMAC attrs: 0x1
[    1.547300]   Magic number: 10:209:959
[    1.550052] rtc_cmos rtc_cmos: setting system clock to 2022-02-12 23:54:15 UTC (1644710055)
[    1.555286] BIOS EDD facility v0.16 2004-Jun-25, 0 devices found
[    1.559105] EDD information not available.
[    1.580642] Freeing unused kernel image memory: 2476K
[    1.960345] Write protecting the kernel read-only data: 20480k
[    1.970421] Freeing unused kernel image memory: 2008K
[    1.973749] Freeing unused kernel image memory: 1820K
[    1.988875] x86/mm: Checked W+X mappings: passed, no W+X pages found.
Loading, please wait...
starting version 237
[    2.531101] e1000: Intel(R) PRO/1000 Network Driver - version 7.3.21-k8-NAPI
[    2.536767] e1000: Copyright (c) 1999-2006 Intel Corporation.
[    2.556702] Fusion MPT base driver 3.04.20
[    2.561178] Copyright (c) 1999-2008 LSI Corporation
[    2.825019] input: ImExPS/2 Generic Explorer Mouse as /devices/platform/i8042/serio1/input/input4
[    2.990306] Fusion MPT SPI Host driver 3.04.20
[    3.806312] e1000 0000:00:03.0 eth0: (PCI:33MHz:32-bit) 02:e8:64:37:14:18
[    3.810413] e1000 0000:00:03.0 eth0: Intel(R) PRO/1000 Network Connection
[    3.820779] mptbase: ioc0: Initiating bringup
[    3.839194] e1000 0000:00:03.0 enp0s3: renamed from eth0
[    4.046293] ioc0: LSI53C1030 A0: Capabilities={Initiator}
[    4.479169] scsi host2: ioc0: LSI53C1030 A0, FwRev=00000000h, Ports=1, MaxQ=256, IRQ=20
[    4.680491] scsi 2:0:0:0: Direct-Access     VBOX     HARDDISK         1.0  PQ: 0 ANSI: 5
[    4.734796] scsi target2:0:0: Beginning Domain Validation
[    4.740461] scsi target2:0:0: Domain Validation skipping write tests
[    4.743927] scsi target2:0:0: Ending Domain Validation
[    4.747298] scsi target2:0:0: asynchronous
[    4.751421] scsi 2:0:1:0: Direct-Access     VBOX     HARDDISK         1.0  PQ: 0 ANSI: 5
[    4.865620] scsi target2:0:1: Beginning Domain Validation
[    4.872661] random: fast init done
[    4.876811] scsi target2:0:1: Domain Validation skipping write tests
[    4.880263] scsi target2:0:1: Ending Domain Validation
[    4.883818] scsi target2:0:1: asynchronous
[    4.895532] random: systemd-udevd: uninitialized urandom read (16 bytes read)
[    4.896341] sd 2:0:0:0: [sda] 83886080 512-byte logical blocks: (42.9 GB/40.0 GiB)
[    4.906087] random: systemd-udevd: uninitialized urandom read (16 bytes read)
[    4.931612] sd 2:0:0:0: Attached scsi generic sg0 type 0
[    4.936766] random: systemd-udevd: uninitialized urandom read (16 bytes read)
[    4.943276] sd 2:0:0:0: [sda] Write Protect is off
[    4.957638] sd 2:0:1:0: Attached scsi generic sg1 type 0
[    4.964549] sd 2:0:1:0: [sdb] 20480 512-byte logical blocks: (10.5 MB/10.0 MiB)
[    4.965367] sd 2:0:0:0: [sda] Incomplete mode parameter data
[    4.968395] sd 2:0:1:0: [sdb] Write Protect is off
[    4.968613] sd 2:0:1:0: [sdb] Incomplete mode parameter data
[    4.968614] sd 2:0:1:0: [sdb] Assuming drive cache: write through
[    4.974690] sd 2:0:1:0: [sdb] Attached SCSI disk
[    4.981211] sd 2:0:0:0: [sda] Assuming drive cache: write through
[    5.006692]  sda: sda1
[    5.014403] sd 2:0:0:0: [sda] Attached SCSI disk
Begin: Loading essential drivers ... [    8.504180] raid6: sse2x1   gen()  6541 MB/s
[    8.552198] raid6: sse2x1   xor()  7005 MB/s
[    8.601077] raid6: sse2x2   gen() 14597 MB/s
[    8.652149] raid6: sse2x2   xor()  8921 MB/s
[    8.700772] raid6: sse2x4   gen() 15345 MB/s
[    8.748201] raid6: sse2x4   xor()  8832 MB/s
[    8.750853] raid6: using algorithm sse2x4 gen() 15345 MB/s
[    8.754321] raid6: .... xor() 8832 MB/s, rmw enabled
[    8.757375] raid6: using ssse3x2 recovery algorithm
[    8.763617] xor: measuring software checksum speed
[    8.804481]    prefetch64-sse: 19454.000 MB/sec
[    8.851000]    generic_sse: 21632.000 MB/sec
[    8.854130] xor: using function: generic_sse (21632.000 MB/sec)
[    8.861911] async_tx: api initialized (async)
done.
Begin: Running /scripts/init-premount ... done.
Begin: Mounting root file system ... Begin: Running /scripts/local-top ... done.
Begin: Running /scripts/local-premount ... [    9.370883] Btrfs loaded, crc32c=crc32c-intel
Scanning for Btrfs filesystems
done.
Warning: fsck not present, so skipping root file system
[    9.688632] EXT4-fs (sda1): mounted filesystem with ordered data mode. Opts: (null)
done.
Begin: Running /scripts/local-bottom ... done.
Begin: Running /scripts/init-bottom ... done.
[   10.394530] ip_tables: (C) 2000-2006 Netfilter Core Team
[   10.422506] systemd[1]: systemd 237 running in system mode. (+PAM +AUDIT +SELINUX +IMA +APPARMOR +SMACK +SYSVINIT +UTMP +LIBCRYPTSETUP +GCRYPT +GNUTLS +ACL +XZ +LZ4 +SECCOMP +BLKID +ELFUTILS +KMOD -IDN2 +IDN -PCRE2 default-hierarchy=hybrid)
[   10.436435] systemd[1]: Detected virtualization oracle.
[   10.440483] systemd[1]: Detected architecture x86-64.

Welcome to [1mUbuntu 18.04.6 LTS[0m!

[   10.507041] systemd[1]: Set hostname to <ubuntu>.
[   10.516724] systemd[1]: Initializing machine ID from random generator.
[   10.520837] systemd[1]: Installed transient /etc/machine-id file.
[   11.817170] random: crng init done
[   11.823292] random: 7 urandom warning(s) missed due to ratelimiting
[   12.161361] systemd[1]: Reached target User and Group Name Lookups.
[[0;32m  OK  [0m] Reached target User and Group Name Lookups.
[   12.199408] systemd[1]: Created slice User and Session Slice.
[[0;32m  OK  [0m] Created slice User and Session Slice.
[   12.208314] systemd[1]: Created slice System Slice.
[[0;32m  OK  [0m] Created slice System Slice.
[   12.217888] systemd[1]: Listening on Journal Socket.
[[0;32m  OK  [0m] Listening on Journal Socket.
         Starting Load Kernel Modules...
[[0;32m  OK  [0m] Listening on /dev/initctl Compatibility Named Pipe.
[[0;32m  OK  [0m] Listening on Device-mapper event daemon FIFOs.
[[0;32m  OK  [0m] Listening on udev Kernel Socket.
         Mounting Kernel Debug File System...
         Starting Uncomplicated firewall...
[   12.332841] Loading iSCSI transport class v2.0-870.
         Starting Create list of required st…ce nodes for the current kernel...
[[0;32m  OK  [0m] Listening on fsck to fsckd communication Socket.
[[0;32m  OK  [0m] Listening on Network Service Netlink Socket.
[[0;32m  OK  [0m] Listening on Journal Socket (/dev/log).
[[0;32m  OK  [0m] Listening on udev Control Socket.
         Starting udev Coldplug all Devices...
         Starting Set the console keyboard layout...
[[0;32m  OK  [0m] Listening on LVM2 poll daemon socket.
[[0;32m  OK  [0m] Listening on Journal Audit Socket.
[[0;32m  OK  [0m] Listening on LVM2 metadata daemon socket.
[   12.511483] iscsi: registered transport (tcp)
         Starting Monitoring of LVM2 mirrors…ng dmeventd or progress polling...
[[0;32m  OK  [0m] Reached target System Time Synchronized.
[[0;32m  OK  [0m] Created slice system-serial\x2dgetty.slice.
         Mounting Huge Pages File System...
         Starting File System Check on Root Device...
         Mounting POSIX Message Queue File System...
[[0;32m  OK  [0m] Reached target Swap.
[[0;32m  OK  [0m] Started Forward Password Requests to Wall Directory Watch.
[[0;32m  OK  [0m] Listening on Syslog Socket.
         Starting Journal Service...
[[0;32m  OK  [0m] Reached target Slices.
[[0;32m  OK  [0m] Set up automount Arbitrary Executab…rmats File System Automount Point.
[[0;32m  OK  [0m] Mounted Kernel Debug File System.
[[0;32m  OK  [0m] Started Uncomplicated firewall.
[[0;32m  OK  [0m] Started Create list of required sta…vice nodes for the current kernel.
         Starting Create Static Device Nodes in /dev...
[[0;32m  OK  [0m] Mounted POSIX Message Queue File System.
[[0;32m  OK  [0m] Mounted Huge Pages File System.
[   12.971987] iscsi: registered transport (iser)
[[0;32m  OK  [0m] Started File System Check Daemon to report status.
[[0;32m  OK  [0m] Started Load Kernel Modules.
         Mounting FUSE Control File System...
         Mounting Kernel Configuration File System...
         Starting Apply Kernel Variables...
[[0;32m  OK  [0m] Mounted Kernel Configuration File System.
[[0;32m  OK  [0m] Mounted FUSE Control File System.
[[0;32m  OK  [0m] Started Create Static Device Nodes in /dev.
[[0;32m  OK  [0m] Started LVM2 metadata daemon.
[[0;32m  OK  [0m] Started Journal Service.
[[0;32m  OK  [0m] Started Apply Kernel Variables.
[[0;32m  OK  [0m] Started File System Check on Root Device.
         Starting Remount Root and Kernel File Systems...
[[0;32m  OK  [0m] Started Monitoring of LVM2 mirrors,…sing dmeventd or progress polling.
[[0;32m  OK  [0m] Started udev Coldplug all Devices.
[[0;32m  OK  [0m] Started Remount Root and Kernel File Systems.
         Starting Load/Save Random Seed...
         Starting Flush Journal to Persistent Storage...
         Starting udev Kernel Device Manager...
[[0;32m  OK  [0m] Started Load/Save Random Seed.
[[0;32m  OK  [0m] Started Flush Journal to Persistent Storage.
[[0;32m  OK  [0m] Started udev Kernel Device Manager.
[[0;32m  OK  [0m] Found device /dev/ttyS0.
[[0;32m  OK  [0m] Listening on Load/Save RF Kill Switch Status /dev/rfkill Watch.
[[0;32m  OK  [0m] Started Set the console keyboard layout.
[[0;32m  OK  [0m] Reached target Local File Systems (Pre).
[[0;32m  OK  [0m] Reached target Local File Systems.
         Starting Set console font and keymap...
         Starting Tell Plymouth To Write Out Runtime Data...
         Starting Create Volatile Files and Directories...
         Starting ebtables ruleset management...
         Starting AppArmor initialization...
         Starting Commit a transient machine-id on disk...
[[0;32m  OK  [0m] Started Dispatch Password Requests to Console Directory Watch.
[[0;32m  OK  [0m] Reached target Local Encrypted Volumes.
[[0;32m  OK  [0m] Started Tell Plymouth To Write Out Runtime Data.
[[0;32m  OK  [0m] Started Set console font and keymap.
[[0;32m  OK  [0m] Started Commit a transient machine-id on disk.
[[0;32m  OK  [0m] Started Create Volatile Files and Directories.
         Starting Update UTMP about System Boot/Shutdown...
[[0;32m  OK  [0m] Started Update UTMP about System Boot/Shutdown.
[[0;32m  OK  [0m] Started ebtables ruleset management.
[[0;32m  OK  [0m] Started AppArmor initialization.
         Starting Load AppArmor profiles managed internally by snapd...
         Starting Initial cloud-init job (pre-networking)...
[[0;32m  OK  [0m] Started Load AppArmor profiles managed internally by snapd.
[   24.270205] cloud-init[559]: Cloud-init v. 21.4-0ubuntu1~18.04.1 running 'init-local' at Sat, 12 Feb 2022 23:54:36 +0000. Up 22.47 seconds.
[[0;32m  OK  [0m] Started Initial cloud-init job (pre-networking).
[[0;32m  OK  [0m] Reached target Network (Pre).
         Starting Network Service...
[[0;32m  OK  [0m] Started Network Service.
         Starting Wait for Network to be Configured...
         Starting Network Name Resolution...
[[0;32m  OK  [0m] Started Network Name Resolution.
[[0;32m  OK  [0m] Reached target Host and Network Name Lookups.
[[0;32m  OK  [0m] Reached target Network.
[[0;32m  OK  [0m] Started Wait for Network to be Configured.
         Starting Initial cloud-init job (metadata service crawler)...
[   29.526100] cloud-init[627]: Cloud-init v. 21.4-0ubuntu1~18.04.1 running 'init' at Sat, 12 Feb 2022 23:54:42 +0000. Up 28.67 seconds.
[   29.555014] cloud-init[627]: ci-info: ++++++++++++++++++++++++++++++++++++++Net device info++++++++++++++++++++++++++++++++++++++
[   29.564549] cloud-init[627]: ci-info: +--------+------+----------------------------+---------------+--------+-------------------+
[   29.568710] cloud-init[627]: ci-info: | Device |  Up  |          Address           |      Mask     | Scope  |     Hw-Address    |
[   29.573405] cloud-init[627]: ci-info: +--------+------+----------------------------+---------------+--------+-------------------+
[   29.581544] cloud-init[627]: ci-info: | enp0s3 | True |         10.0.2.15          | 255.255.255.0 | global | 02:e8:64:37:14:18 |
[   29.585176] cloud-init[627]: ci-info: | enp0s3 | True | fe80::e8:64ff:fe37:1418/64 |       .       |  link  | 02:e8:64:37:14:18 |
[   29.589188] cloud-init[627]: ci-info: |   lo   | True |         127.0.0.1          |   255.0.0.0   |  host  |         .         |
[   29.593226] cloud-init[627]: ci-info: |   lo   | True |          ::1/128           |       .       |  host  |         .         |
[   29.597587] cloud-init[627]: ci-info: +--------+------+----------------------------+---------------+--------+-------------------+
[   29.602181] cloud-init[627]: ci-info: ++++++++++++++++++++++++++++Route IPv4 info+++++++++++++++++++++++++++++
[   29.606166] cloud-init[627]: ci-info: +-------+-------------+----------+-----------------+-----------+-------+
[   29.610472] cloud-init[627]: ci-info: | Route | Destination | Gateway  |     Genmask     | Interface | Flags |
[   29.620813] cloud-init[627]: ci-info: +-------+-------------+----------+-----------------+-----------+-------+
[   29.626656] cloud-init[627]: ci-info: |   0   |   0.0.0.0   | 10.0.2.2 |     0.0.0.0     |   enp0s3  |   UG  |
[   29.646351] cloud-init[627]: ci-info: |   1   |   10.0.2.0  | 0.0.0.0  |  255.255.255.0  |   enp0s3  |   U   |
[   29.650042] cloud-init[627]: ci-info: |   2   |   10.0.2.2  | 0.0.0.0  | 255.255.255.255 |   enp0s3  |   UH  |
[   29.653633] cloud-init[627]: ci-info: +-------+-------------+----------+-----------------+-----------+-------+
[   29.667841] cloud-init[627]: ci-info: +++++++++++++++++++Route IPv6 info+++++++++++++++++++
[   29.682137] cloud-init[627]: ci-info: +-------+-------------+---------+-----------+-------+
[   29.695158] cloud-init[627]: ci-info: | Route | Destination | Gateway | Interface | Flags |
[   29.699350] cloud-init[627]: ci-info: +-------+-------------+---------+-----------+-------+
[   29.702659] cloud-init[627]: ci-info: |   1   |  fe80::/64  |    ::   |   enp0s3  |   U   |
[   29.718477] cloud-init[627]: ci-info: |   3   |    local    |    ::   |   enp0s3  |   U   |
[   29.722070] cloud-init[627]: ci-info: |   4   |   ff00::/8  |    ::   |   enp0s3  |   U   |
[   29.730673] cloud-init[627]: ci-info: +-------+-------------+---------+-----------+-------+
[   33.075240] cloud-init[627]: Generating public/private rsa key pair.
[   33.086029] cloud-init[627]: Your identification has been saved in /etc/ssh/ssh_host_rsa_key.
[   33.092377] cloud-init[627]: Your public key has been saved in /etc/ssh/ssh_host_rsa_key.pub.
[   33.109014] cloud-init[627]: The key fingerprint is:
[   33.115987] cloud-init[627]: SHA256:hUOs2KuYFUgaqjwI6cVMjDsVbhhquY354zgJYDadBWk root@ubuntu-bionic
[   33.125255] cloud-init[627]: The key's randomart image is:
[   33.135355] cloud-init[627]: +---[RSA 2048]----+
[   33.144965] cloud-init[627]: | .oo+  ..        |
[   33.151353] cloud-init[627]: |o.*E . ...       |
[   33.155575] cloud-init[627]: |oOO+oo .o .      |
[   33.163358] cloud-init[627]: |B*B*o o  o       |
[   33.173847] cloud-init[627]: |X++. . .S        |
[   33.178693] cloud-init[627]: |++. . .          |
[   33.185595] cloud-init[627]: |. o* .           |
[   33.191877] cloud-init[627]: | o= o            |
[   33.199124] cloud-init[627]: | ...             |
[   33.204653] cloud-init[627]: +----[SHA256]-----+
[   33.211883] cloud-init[627]: Generating public/private dsa key pair.
[   33.221475] cloud-init[627]: Your identification has been saved in /etc/ssh/ssh_host_dsa_key.
[   33.226196] cloud-init[627]: Your public key has been saved in /etc/ssh/ssh_host_dsa_key.pub.
[   33.230387] cloud-init[627]: The key fingerprint is:
[   33.233430] cloud-init[627]: SHA256:4qlaG8pRwGHpKFJEsFdrf8kpajBjXByUT51iYqwBdlQ root@ubuntu-bionic
[   33.236799] cloud-init[627]: The key's randomart image is:
[   33.239433] cloud-init[627]: +---[DSA 1024]----+
[   33.242193] cloud-init[627]: |o***=E . .       |
[   33.245215] cloud-init[627]: |.+=+=o+ o        |
[   33.247507] cloud-init[627]: |.+++== .         |
[   33.250067] cloud-init[627]: |+oo+ ... o       |
[   33.253352] cloud-init[627]: |o * . + S        |
[   33.256017] cloud-init[627]: | . = o =         |
[   33.258658] cloud-init[627]: |  . = o          |
[   33.267852] cloud-init[627]: | . = +           |
[   33.272193] cloud-init[627]: |  +.o            |
[   33.275949] cloud-init[627]: +----[SHA256]-----+
[   33.279716] cloud-init[627]: Generating public/private ecdsa key pair.
[   33.291208] cloud-init[627]: Your identification has been saved in /etc/ssh/ssh_host_ecdsa_key.
[   33.297804] cloud-init[627]: Your public key has been saved in /etc/ssh/ssh_host_ecdsa_key.pub.
[   33.302378] cloud-init[627]: The key fingerprint is:
[   33.305920] cloud-init[627]: SHA256:VwBPpHaU9syxw9TulK5+f6IgtFm2zidNDXme7LommAg root@ubuntu-bionic
[   33.319999] cloud-init[627]: The key's randomart image is:
[   33.327319] cloud-init[627]: +---[ECDSA 256]---+
[   33.330445] cloud-init[627]: |        .o=. .   |
[   33.332958] cloud-init[627]: |         =o.o .  |
[   33.336057] cloud-init[627]: |        o.o*.= . |
[   33.340061] cloud-init[627]: |       . . .X =  |
[   33.343024] cloud-init[627]: |        S +  @ . |
[   33.345762] cloud-init[627]: |    E  . * .. B  |
[   33.348598] cloud-init[627]: |     . .+ooo o   |
[   33.360893] cloud-init[627]: |      . o+o.= + .|
[   33.377561] cloud-init[627]: |          o*== oo|
[   33.390348] cloud-init[627]: +----[SHA256]-----+
[   33.402806] cloud-init[627]: Generating public/private ed25519 key pair.
[   33.407207] cloud-init[627]: Your identification has been saved in /etc/ssh/ssh_host_ed25519_key.
[   33.410859] cloud-init[627]: Your public key has been saved in /etc/ssh/ssh_host_ed25519_key.pub.
[   33.413996] cloud-init[627]: The key fingerprint is:
[   33.428796] cloud-init[627]: SHA256:t2QDMXT9lHoNODfylo5pksp96uDc1uBbfm+ZYYrDwaE root@ubuntu-bionic
[   33.440576] cloud-init[627]: The key's randomart image is:
[   33.450926] cloud-init[627]: +--[ED25519 256]--+
[   33.452923] cloud-init[627]: |       .+ .. . . |
[   33.458753] cloud-init[627]: |         +  = *  |
[   33.460943] cloud-init[627]: |        .    O = |
[   33.463196] cloud-init[627]: |         . .. * .|
[   33.465420] cloud-init[627]: |        S B..*   |
[   33.467830] cloud-init[627]: |         E+=+ .o |
[   33.470762] cloud-init[627]: |       ..+o=+ o +|
[   33.473235] cloud-init[627]: |       ooo+*o..o.|
[   33.475653] cloud-init[627]: |        oo=+o. o.|
[   33.477586] cloud-init[627]: +----[SHA256]-----+
[[0;32m  OK  [0m] Started Initial cloud-init job (metadata service crawler).
[[0;32m  OK  [0m] Reached target System Initialization.
         Starting LXD - unix socket.
[[0;32m  OK  [0m] Listening on D-Bus System Message Bus Socket.
[[0;32m  OK  [0m] Started Trigger to poll for Ubuntu …(Only enabled on GCP LTS non-pro).
[[0;32m  OK  [0m] Started Daily apt download activities.
[[0;32m  OK  [0m] Started Daily apt upgrade and clean activities.
[[0;32m  OK  [0m] Started Daily Cleanup of Temporary Directories.
[[0;32m  OK  [0m] Listening on cloud-init hotplug hook socket.
[[0;32m  OK  [0m] Started ACPI Events Check.
[[0;32m  OK  [0m] Started Ubuntu Advantage Timer for running repeated jobs.
[[0;32m  OK  [0m] Listening on ACPID Listen Socket.
         Starting Socket activation for snappy daemon.
[[0;32m  OK  [0m] Listening on Open-iSCSI iscsid Socket.
[[0;32m  OK  [0m] Started Discard unused blocks once a week.
[[0;32m  OK  [0m] Started Message of the Day.
[[0;32m  OK  [0m] Listening on UUID daemon activation socket.
[[0;32m  OK  [0m] Reached target Paths.
[[0;32m  OK  [0m] Reached target Timers.
[[0;32m  OK  [0m] Reached target Cloud-config availability.
[[0;32m  OK  [0m] Reached target Network is Online.
[[0;32m  OK  [0m] Reached target Remote File Systems (Pre).
[[0;32m  OK  [0m] Reached target Remote File Systems.
         Starting Availability of block devices...
[[0;32m  OK  [0m] Listening on LXD - unix socket.
[[0;32m  OK  [0m] Listening on Socket activation for snappy daemon.
[[0;32m  OK  [0m] Reached target Sockets.
[[0;32m  OK  [0m] Reached target Basic System.
         Starting Dispatcher daemon for systemd-networkd...
         Starting Login Service...
         Starting Pollinate to seed the pseudo random number generator...
[[0;32m  OK  [0m] Started FUSE filesystem for LXC.
[[0;32m  OK  [0m] Started D-Bus System Message Bus.
         Starting LSB: automatic crash report generation...
         Starting Accounts Service...
[[0;32m  OK  [0m] Started irqbalance daemon.
[[0;32m  OK  [0m] Started Regular background program processing daemon.
         Starting Virtualbox guest utils...
[[0;32m  OK  [0m] Started Deferred execution scheduler.
         Starting LXD - container startup/shutdown...
         Starting System Logging Service...
         Starting LSB: Record successful boot for GRUB...
         Starting Snap Daemon...
         Starting Permit User Sessions...
[[0;32m  OK  [0m] Started Availability of block devices.
[[0;32m  OK  [0m] Started Login Service.
[[0;32m  OK  [0m] Started Unattended Upgrades Shutdown.
         Starting Authorization Manager...
[[0;32m  OK  [0m] Started Permit User Sessions.
         Starting Hold until boot process finishes up...
         Starting Terminate Plymouth Boot Screen...
[[0;32m  OK  [0m] Started System Logging Service.
[[0;32m  OK  [0m] Started Hold until boot process finishes up.
         Starting Set console scheme...
[[0;32m  OK  [0m] Started Serial Getty on ttyS0.
[[0;32m  OK  [0m] Started Terminate Plymouth Boot Screen.
[[0;32m  OK  [0m] Started Set console scheme.
[[0;32m  OK  [0m] Created slice system-getty.slice.
[[0;32m  OK  [0m] Started Getty on tty1.
[[0;32m  OK  [0m] Reached target Login Prompts.
[[0;32m  OK  [0m] Started LSB: automatic crash report generation.
[[0;32m  OK  [0m] Started Authorization Manager.
[[0;32m  OK  [0m] Started Accounts Service.
[[0;32m  OK  [0m] Started LSB: Record successful boot for GRUB.
[[0;32m  OK  [0m] Started LXD - container startup/shutdown.
[[0;32m  OK  [0m] Started Dispatcher daemon for systemd-networkd.
[[0;32m  OK  [0m] Started Virtualbox guest utils.
[[0;32m  OK  [0m] Started Snap Daemon.
         Starting Wait until snapd is fully seeded...

Ubuntu 18.04.6 LTS ubuntu-bionic ttyS0

ubuntu-bionic login: [   52.078451] cloud-init[1008]: Cloud-init v. 21.4-0ubuntu1~18.04.1 running 'modules:config' at Sat, 12 Feb 2022 23:55:02 +0000. Up 48.81 seconds.
ci-info: no authorized SSH keys fingerprints found for user ubuntu.
<14>Feb 12 23:55:09 cloud-init: #############################################################
<14>Feb 12 23:55:09 cloud-init: -----BEGIN SSH HOST KEY FINGERPRINTS-----
<14>Feb 12 23:55:09 cloud-init: 1024 SHA256:4qlaG8pRwGHpKFJEsFdrf8kpajBjXByUT51iYqwBdlQ root@ubuntu-bionic (DSA)
<14>Feb 12 23:55:09 cloud-init: 256 SHA256:VwBPpHaU9syxw9TulK5+f6IgtFm2zidNDXme7LommAg root@ubuntu-bionic (ECDSA)
<14>Feb 12 23:55:09 cloud-init: 256 SHA256:t2QDMXT9lHoNODfylo5pksp96uDc1uBbfm+ZYYrDwaE root@ubuntu-bionic (ED25519)
<14>Feb 12 23:55:09 cloud-init: 2048 SHA256:hUOs2KuYFUgaqjwI6cVMjDsVbhhquY354zgJYDadBWk root@ubuntu-bionic (RSA)
<14>Feb 12 23:55:09 cloud-init: -----END SSH HOST KEY FINGERPRINTS-----
<14>Feb 12 23:55:10 cloud-init: #############################################################
-----BEGIN SSH HOST KEY KEYS-----
ecdsa-sha2-nistp256 AAAAE2VjZHNhLXNoYTItbmlzdHAyNTYAAAAIbmlzdHAyNTYAAABBBDBAtNHmwmCRYlSNGjmsG6J9AyeDIvyej2o+qU+MVUJcu+7Di+YDlkKU3P2u9S9N7vn/IPbbQrSBm52ERh0Izhs= root@ubuntu-bionic
ssh-ed25519 AAAAC3NzaC1lZDI1NTE5AAAAIHta9oCNGopIO8XQB0B1lYaoRq2gGxvlomByxCN8K8sl root@ubuntu-bionic
ssh-rsa AAAAB3NzaC1yc2EAAAADAQABAAABAQC83tspiXvILrOEa95/95Y3lPaoO7WjawHXEdwG8uNxEfLsij2mot/eBY1pxPKngBFjnd/88RJLENAoeKTq4TfX+lEXvIh4EJEw38LTxUP47CjxClhbyTIj59tYMkOiblaUY96hbuEVlfUs/K8DdkSam/WiHSM7+yxuh5gox4qH8JlHmj3Bp9OlHI+rpjv+ldmpyHgVs1AtP8xwAhwQyOIMfwy1E15xZvPP0oZBnXu6SD79S1kSyEBmYTQYj99XfvYzF+A0tofc8r2KpHk1o1ol2Zvy/rtf8Y/kvnt0yUlYdYaJhEmcjmylrOZWGiPe5DotFO/HGHPI4dHsztfBnXGX root@ubuntu-bionic
-----END SSH HOST KEY KEYS-----
[   56.293329] cloud-init[1160]: Cloud-init v. 21.4-0ubuntu1~18.04.1 running 'modules:final' at Sat, 12 Feb 2022 23:55:08 +0000. Up 54.92 seconds.
[   56.295243] cloud-init[1160]: ci-info: no authorized SSH keys fingerprints found for user ubuntu.
[   56.308730] cloud-init[1160]: Cloud-init v. 21.4-0ubuntu1~18.04.1 finished at Sat, 12 Feb 2022 23:55:10 +0000. Datasource DataSourceNoCloud [seed=/dev/sdb][dsmode=net].  Up 56.20 seconds
